<?xml version="1.0" encoding="UTF-8"?>
<!-- Generated by org.testng.reporters.JUnitReportReporter -->
<testsuite hostname="KCs-Life" failures="0" tests="1" name="TestCases.LoginTest" time="2.879" errors="0" timestamp="2024-11-03T20:22:08 GMT" skipped="0">
  <testcase classname="TestCases.LoginTest" name="Login" time="2.879"/>
</testsuite> <!-- TestCases.LoginTest -->
