<?xml version="1.0" encoding="UTF-8"?>
<!-- Generated by org.testng.reporters.JUnitReportReporter -->
<testsuite hostname="KCs-Life" failures="0" tests="1" name="TestCases.OrderAProduct" time="0.619" errors="0" timestamp="2024-11-03T20:22:08 GMT" skipped="0">
  <testcase classname="TestCases.OrderAProduct" name="OrderAProductFromCart" time="0.619"/>
</testsuite> <!-- TestCases.OrderAProduct -->
