<?xml version="1.0" encoding="UTF-8"?>
<!-- Generated by org.testng.reporters.JUnitReportReporter -->
<testsuite hostname="KCs-Life" failures="0" tests="1" name="TestCases.AddProductToCart" time="0.637" errors="0" timestamp="2024-11-03T20:22:08 GMT" skipped="0">
  <testcase classname="TestCases.AddProductToCart" name="addAproduct" time="0.637"/>
</testsuite> <!-- TestCases.AddProductToCart -->
